<?xml version="1.0" encoding="UTF-8"?>
<!-- Generated by org.testng.reporters.JUnitReportReporter -->
<testsuite hostname="DESKTOP-5EVK54D" failures="1" tests="4" name="uiappfeature.OrderRunner" time="52.497" errors="0" timestamp="2024-02-07T16:35:54 IST" skipped="0">
  <testcase classname="uiappfeature.OrderRunner" name="runScenario" time="25.270"/>
  <system-out/>
  <testcase classname="uiappfeature.OrderRunner" name="runScenario" time="6.514">
    <failure message="expected [true] but found [false]" type="java.lang.AssertionError">
      <![CDATA[java.lang.AssertionError: expected [true] but found [false]
at org.testng.Assert.fail(Assert.java:110)
at org.testng.Assert.failNotEquals(Assert.java:1577)
at org.testng.Assert.assertTrue(Assert.java:56)
at org.testng.Assert.assertTrue(Assert.java:66)
at uiappfeature.HomePageSteps.page_title_should_have(HomePageSteps.java:34)
at âœ½.page title should have "Shopping"(file:///F:/Desktop/VimanNagar/May%2021/ATT20JanEveningBDDBasics/src/test/resources/uiappfeature/Homepage.feature:4)
]]>
    </failure>
  </testcase> <!-- runScenario -->
  <system-out/>
  <testcase classname="uiappfeature.OrderRunner" name="runScenario" time="12.270"/>
  <system-out/>
  <testcase classname="uiappfeature.OrderRunner" name="runScenario" time="8.443"/>
  <system-out/>
</testsuite> <!-- uiappfeature.OrderRunner -->
